{"name": "test_case7", "status": "failed", "statusDetails": {"message": "AssertionError: assert 1 == 3", "trace": "self = <testcases.test_allure_trend.TestCase03 object at 0x106408f40>\n\n    def test_case7(self):\n        print('case7...')\n>       assert 1 == 3\nE       assert 1 == 3\n\ntest_allure_trend.py:43: AssertionError"}, "start": 1737697827265, "stop": 1737697827266, "uuid": "c331ccb3-6eb2-4818-b428-72f9a62b27c7", "historyId": "161e7baaf3097d4161a1e9d7f8875a9d", "testCaseId": "161e7baaf3097d4161a1e9d7f8875a9d", "fullName": "testcases.test_allure_trend.TestCase03#test_case7", "labels": [{"name": "feature", "value": "测试类"}, {"name": "parentSuite", "value": "testcases"}, {"name": "suite", "value": "test_allure_trend"}, {"name": "subSuite", "value": "TestCase03"}, {"name": "host", "value": "bogon"}, {"name": "thread", "value": "87759-MainThread"}, {"name": "framework", "value": "pytest"}, {"name": "language", "value": "cpython3"}, {"name": "package", "value": "testcases.test_allure_trend"}]}