{"name": "test_case7", "status": "failed", "statusDetails": {"message": "AssertionError: assert 1 == 3", "trace": "self = <testcases.test_allure_trend.TestCase03 object at 0x103f1be20>\n\n    def test_case7(self):\n        print('case7...')\n>       assert 1 == 3\nE       assert 1 == 3\n\ntest_allure_trend.py:43: AssertionError"}, "start": 1737688999420, "stop": 1737688999420, "uuid": "ff98a4a5-a0c3-41a6-a126-056d5e3be3dd", "historyId": "161e7baaf3097d4161a1e9d7f8875a9d", "testCaseId": "161e7baaf3097d4161a1e9d7f8875a9d", "fullName": "testcases.test_allure_trend.TestCase03#test_case7", "labels": [{"name": "feature", "value": "测试类"}, {"name": "parentSuite", "value": "testcases"}, {"name": "suite", "value": "test_allure_trend"}, {"name": "subSuite", "value": "TestCase03"}, {"name": "host", "value": "bogon"}, {"name": "thread", "value": "44095-MainThread"}, {"name": "framework", "value": "pytest"}, {"name": "language", "value": "cpython3"}, {"name": "package", "value": "testcases.test_allure_trend"}]}